Removed Pin From Net: NetName=GND Pin=C1-1
Removed Pin From Net: NetName=NetC1_2 Pin=C1-2
Removed Pin From Net: NetName=GND Pin=C2-2
Removed Pin From Net: NetName=GND Pin=C4-1
Removed Pin From Net: NetName=NetC4_2 Pin=C4-2
Removed Pin From Net: NetName=NetC5_1 Pin=C5-1
Removed Pin From Net: NetName=NetDA1_7 Pin=L1-1
Removed Pin From Net: NetName=NetDA1_1 Pin=L1-2
Removed Pin From Net: NetName=NetDA1_7 Pin=R1-1
Removed Pin From Net: NetName=NetDA1_8 Pin=R1-2
Removed Pin From Net: NetName=NetDA1_7 Pin=R2-2
Removed Pin From Net: NetName=NetHL1_1 Pin=R3-1
Removed Pin From Net: NetName=NetC3_1 Pin=R3-2
Removed Pin From Net: NetName=GND Pin=R5-1
Removed Pin From Net: NetName=NetDA1_5 Pin=R5-2
Removed Pin From Net: NetName=NetHL3_1 Pin=R6-1
Removed Pin From Net: NetName=NetDA1_1 Pin=VD1-1
Removed Pin From Net: NetName=NetC5_1 Pin=X?-1
Removed Pin From Net: NetName=NetDD1_10 Pin=X?-2
Removed Pin From Net: NetName=NetDD1_12 Pin=X?-3
Removed Pin From Net: NetName=GND Pin=X?-4
Removed Member From Class: ClassName=CP_Scheme Member=X?
Change Component Footprint: Designator=C2 Old Footprint=C1206 New Footprint=R0805
Change Component Footprint: Designator=X2 Old Footprint=DJK-02-Series New Footprint=CWF-2
Change Component Footprint: Designator=C1 Old Footprint=R0805 New Footprint=C1206
Change Component Comment : Designator=C1 Old Comment=Capacitor New Comment=Capacitor-E
Change Component Comment : Designator=C2 Old Comment=Capacitor-E New Comment=Capacitor
Change Component Comment : Designator=R1 Old Comment=Resistor_0,25W New Comment=Resistor_10,0W
Change Component Comment : Designator=R5 Old Comment=Resistor_0,25W New Comment=Resistor_10,0W
Change Component Comment : Designator=R3 Old Comment=Resistor_10,0W New Comment=Resistor_0,25W
Change Component Comment : Designator=VD1 Old Comment=Schottky New Comment=Diode
Change Component Comment : Designator=X2 Old Comment=Vin New Comment=Vout
Change Component Designator: OldDesignator=C4 NewDesignator=C7
Change Component Designator: OldDesignator=C5 NewDesignator=C8
Change Component Designator: OldDesignator=C7 NewDesignator=C1
Change Component Designator: OldDesignator=C8 NewDesignator=C2
Change Component Designator: OldDesignator=R6 NewDesignator=R5
Change Component Designator: OldDesignator=R7 NewDesignator=R6
Change Component Designator: OldDesignator=X? NewDesignator=X2
Change component parameters: Designator = "L1"; Footprint = "МДГ-2"; UniqueID = "\VHYKBRSW"
Change component parameters. Clean all parameters for all variants
Change component parameters (AddParameter): Name = "Application Category"; Value = "5"; VariantName = "[No Variations]"
Change component parameters (AddParameter): Name = "DC Resistance"; Value = "1.2ohm"; VariantName = "[No Variations]"
Change component parameters (AddParameter): Name = "ID"; Value = "1"; VariantName = "[No Variations]"
Change component parameters (AddParameter): Name = "Manufacturer"; Value = "ОАО "МСТАТОР""; VariantName = "[No Variations]"
Change component parameters (AddParameter): Name = "Part Number"; Value = "КИВ18-100"; VariantName = "[No Variations]"
Change component parameters (AddParameter): Name = "Published"; Value = "20.05.2010"; VariantName = "[No Variations]"
Change component parameters (AddParameter): Name = "Publisher"; Value = "Andrew Danich"; VariantName = "[No Variations]"
Change component parameters (AddParameter): Name = "Q"; Value = "20"; VariantName = "[No Variations]"
Change component parameters (AddParameter): Name = "Rated Current"; Value = "185mA"; VariantName = "[No Variations]"
Change component parameters (AddParameter): Name = "Specification"; Value = "КВШУ.670114.001 ТУ"; VariantName = "[No Variations]"
Change component parameters (AddParameter): Name = "Tolerance"; Value = "±10%"; VariantName = "[No Variations]"
Change component parameters (AddParameter): Name = "Type"; Value = "Дроссель"; VariantName = "[No Variations]"
Change component parameters (AddParameter): Name = "Value"; Value = "30м"; VariantName = "[No Variations]"
Change component parameters (AddParameter): Name = "Working Temperature Max"; Value = "+85°С"; VariantName = "[No Variations]"
Change component parameters (AddParameter): Name = "Working Temperature Min"; Value = "-60°С"; VariantName = "[No Variations]"
Change component parameters: Designator = "R2"; Footprint = "R0805"; UniqueID = "\LWTTCKIJ"
Change component parameters. Clean all parameters for all variants
Change component parameters (AddParameter): Name = "Type"; Value = "Резистор"; VariantName = "[No Variations]"
Change component parameters (AddParameter): Name = "Value"; Value = "150"; VariantName = "[No Variations]"
Change component parameters: Designator = "R1"; Footprint = "R0805"; UniqueID = "\BFVXTYCT"
Change component parameters. Clean all parameters for all variants
Change component parameters (AddParameter): Name = "Type"; Value = "Резистор"; VariantName = "[No Variations]"
Change component parameters (AddParameter): Name = "Сопротивление"; Value = "30"; VariantName = "[No Variations]"
Change component parameters: Designator = "R3"; Footprint = "R0805"; UniqueID = "\LMDEQLWB"
Change component parameters. Clean all parameters for all variants
Change component parameters (AddParameter): Name = "Type"; Value = "Резистор"; VariantName = "[No Variations]"
Change component parameters (AddParameter): Name = "Value"; Value = "1к"; VariantName = "[No Variations]"
Change component parameters: Designator = "R5"; Footprint = "R0805"; UniqueID = "\DGKTYDBO"
Change component parameters. Clean all parameters for all variants
Change component parameters (AddParameter): Name = "Type"; Value = "Резистор"; VariantName = "[No Variations]"
Change component parameters (AddParameter): Name = "Сопротивление"; Value = "30"; VariantName = "[No Variations]"
Change component parameters: Designator = "VD1"; Footprint = "SOD-123"; UniqueID = "\ASITREBS"
Change component parameters. Clean all parameters for all variants
Change component parameters (AddParameter): Name = "Type"; Value = "Диод"; VariantName = "[No Variations]"
Change component parameters: Designator = "X2"; Footprint = "CWF-2"; UniqueID = "\NTMMFCBB"
Change component parameters. Clean all parameters for all variants
Change component parameters (AddParameter): Name = "Create"; Value = "DeathSpeaker"; VariantName = "[No Variations]"
Change component parameters (AddParameter): Name = "GND"; Value = "GND"; VariantName = "[No Variations]"
Change component parameters (AddParameter): Name = "U"; Value = "+12В"; VariantName = "[No Variations]"
Change component parameters: Designator = "C1"; Footprint = "C1206"; UniqueID = "\HPKMIXQQ"
Change component parameters. Clean all parameters for all variants
Change component parameters (AddParameter): Name = "Published"; Value = "20.08.2010"; VariantName = "[No Variations]"
Change component parameters (AddParameter): Name = "Publisher"; Value = "Олег Литвинов"; VariantName = "[No Variations]"
Change component parameters (AddParameter): Name = "Type"; Value = "Конденсатор"; VariantName = "[No Variations]"
Change component parameters (AddParameter): Name = "Ёмкость"; Value = "100мк"; VariantName = "[No Variations]"
Change component parameters (AddParameter): Name = "Напряжение"; Value = "50В"; VariantName = "[No Variations]"
Change component parameters: Designator = "C2"; Footprint = "R0805"; UniqueID = "\VOVHGVEX"
Change component parameters. Clean all parameters for all variants
Change component parameters (AddParameter): Name = "Published"; Value = "18.05.2010"; VariantName = "[No Variations]"
Change component parameters (AddParameter): Name = "Publisher"; Value = "Andrew Danich"; VariantName = "[No Variations]"
Change component parameters (AddParameter): Name = "Type"; Value = "Конденсатор"; VariantName = "[No Variations]"
Change component parameters (AddParameter): Name = "Ёмкость"; Value = "239"; VariantName = "[No Variations]"
Change component parameters (AddParameter): Name = "Напряжение"; Value = "50В"; VariantName = "[No Variations]"
Added Component: Designator=C3(C1206)
Add component. Clean all parameters for all variants
Add component (AddParameter): Name = "Published"; Value = "20.08.2010"; VariantName = "[No Variations]"
Add component (AddParameter): Name = "Publisher"; Value = "Олег Литвинов"; VariantName = "[No Variations]"
Add component (AddParameter): Name = "Type"; Value = "Конденсатор"; VariantName = "[No Variations]"
Add component (AddParameter): Name = "Ёмкость"; Value = "100мк"; VariantName = "[No Variations]"
Add component (AddParameter): Name = "Напряжение"; Value = "50В"; VariantName = "[No Variations]"
Added Component: Designator=C4(R0805)
Add component. Clean all parameters for all variants
Add component (AddParameter): Name = "Published"; Value = "18.05.2010"; VariantName = "[No Variations]"
Add component (AddParameter): Name = "Publisher"; Value = "Andrew Danich"; VariantName = "[No Variations]"
Add component (AddParameter): Name = "Type"; Value = "Конденсатор"; VariantName = "[No Variations]"
Add component (AddParameter): Name = "Ёмкость"; Value = "400"; VariantName = "[No Variations]"
Add component (AddParameter): Name = "Напряжение"; Value = "50В"; VariantName = "[No Variations]"
Added Component: Designator=C5(C1206)
Add component. Clean all parameters for all variants
Add component (AddParameter): Name = "Published"; Value = "20.08.2010"; VariantName = "[No Variations]"
Add component (AddParameter): Name = "Publisher"; Value = "Олег Литвинов"; VariantName = "[No Variations]"
Add component (AddParameter): Name = "Type"; Value = "Конденсатор"; VariantName = "[No Variations]"
Add component (AddParameter): Name = "Ёмкость"; Value = "10мк"; VariantName = "[No Variations]"
Add component (AddParameter): Name = "Напряжение"; Value = "50В"; VariantName = "[No Variations]"
Added Component: Designator=DA1(PCBComponent_1)
Add component. Clean all parameters for all variants
Added Component: Designator=DA1(PCBComponent_1)
Add component. Clean all parameters for all variants
Added Component: Designator=L1(МДГ-2)
Add component. Clean all parameters for all variants
Add component (AddParameter): Name = "Application Category"; Value = "5"; VariantName = "[No Variations]"
Add component (AddParameter): Name = "DC Resistance"; Value = "1.2ohm"; VariantName = "[No Variations]"
Add component (AddParameter): Name = "ID"; Value = "1"; VariantName = "[No Variations]"
Add component (AddParameter): Name = "Manufacturer"; Value = "ОАО "МСТАТОР""; VariantName = "[No Variations]"
Add component (AddParameter): Name = "Part Number"; Value = "КИВ18-100"; VariantName = "[No Variations]"
Add component (AddParameter): Name = "Published"; Value = "20.05.2010"; VariantName = "[No Variations]"
Add component (AddParameter): Name = "Publisher"; Value = "Andrew Danich"; VariantName = "[No Variations]"
Add component (AddParameter): Name = "Q"; Value = "20"; VariantName = "[No Variations]"
Add component (AddParameter): Name = "Rated Current"; Value = "185mA"; VariantName = "[No Variations]"
Add component (AddParameter): Name = "Specification"; Value = "КВШУ.670114.001 ТУ"; VariantName = "[No Variations]"
Add component (AddParameter): Name = "Tolerance"; Value = "±10%"; VariantName = "[No Variations]"
Add component (AddParameter): Name = "Type"; Value = "Дроссель"; VariantName = "[No Variations]"
Add component (AddParameter): Name = "Value"; Value = "40мк"; VariantName = "[No Variations]"
Add component (AddParameter): Name = "Working Temperature Max"; Value = "+85°С"; VariantName = "[No Variations]"
Add component (AddParameter): Name = "Working Temperature Min"; Value = "-60°С"; VariantName = "[No Variations]"
Added Component: Designator=R1(R0805)
Add component. Clean all parameters for all variants
Add component (AddParameter): Name = "Type"; Value = "Резистор"; VariantName = "[No Variations]"
Add component (AddParameter): Name = "Value"; Value = "0.125"; VariantName = "[No Variations]"
Added Component: Designator=R2(R0805)
Add component. Clean all parameters for all variants
Add component (AddParameter): Name = "Type"; Value = "Резистор"; VariantName = "[No Variations]"
Add component (AddParameter): Name = "Сопротивление"; Value = "180"; VariantName = "[No Variations]"
Added Component: Designator=R3(R0805)
Add component. Clean all parameters for all variants
Add component (AddParameter): Name = "Type"; Value = "Резистор"; VariantName = "[No Variations]"
Add component (AddParameter): Name = "Value"; Value = "1.5к"; VariantName = "[No Variations]"
Added Component: Designator=R7(R0805)
Add component. Clean all parameters for all variants
Add component (AddParameter): Name = "Type"; Value = "Резистор"; VariantName = "[No Variations]"
Add component (AddParameter): Name = "Сопротивление"; Value = "30"; VariantName = "[No Variations]"
Added Component: Designator=VD1(DO-214AC)
Add component. Clean all parameters for all variants
Add component (AddParameter): Name = "Type"; Value = "Диод"; VariantName = "[No Variations]"
Add component (AddParameter): Name = "Максимальное обратное напряжение"; Value = "40В"; VariantName = "[No Variations]"
Add component (AddParameter): Name = "Прямой ток"; Value = "1 А"; VariantName = "[No Variations]"
Added Component: Designator=VD2(DO-214AA)
Add component. Clean all parameters for all variants
Add component (AddParameter): Name = "Type"; Value = "Супрессор"; VariantName = "[No Variations]"
Added Component: Designator=VD3(DO-214AC)
Add component. Clean all parameters for all variants
Add component (AddParameter): Name = "Type"; Value = "Диод"; VariantName = "[No Variations]"
Add component (AddParameter): Name = "Максимальное обратное напряжение"; Value = "40В"; VariantName = "[No Variations]"
Add component (AddParameter): Name = "Прямой ток"; Value = "1 А"; VariantName = "[No Variations]"
Added Component: Designator=X1(WF-2)
Add component. Clean all parameters for all variants
Add component (AddParameter): Name = "Create"; Value = "DeathSpeaker"; VariantName = "[No Variations]"
Add component (AddParameter): Name = "GND"; Value = "GND"; VariantName = "[No Variations]"
Add component (AddParameter): Name = "In"; Value = "D+"; VariantName = "[No Variations]"
Add component (AddParameter): Name = "Out"; Value = "D-"; VariantName = "[No Variations]"
Add component (AddParameter): Name = "U"; Value = "+(5-9)В"; VariantName = "[No Variations]"
Added Component: Designator=X1(DJK-02-Series)
Add component. Clean all parameters for all variants
Add component (AddParameter): Name = "Create"; Value = "DeathSpeaker"; VariantName = "[No Variations]"
Add component (AddParameter): Name = "GND"; Value = "GND"; VariantName = "[No Variations]"
Add component (AddParameter): Name = "In"; Value = "D+"; VariantName = "[No Variations]"
Add component (AddParameter): Name = "Out"; Value = "D-"; VariantName = "[No Variations]"
Add component (AddParameter): Name = "U"; Value = "+12В"; VariantName = "[No Variations]"
Added Pin To Net: NetName=GND Pin=C1-2
Added Pin To Net: NetName=NetC1_2 Pin=C1-2
Added Pin To Net: NetName=GND Pin=C2-1
Added Pin To Net: NetName=GND Pin=C3-2
Added Pin To Net: NetName=GND Pin=C4-1
Added Pin To Net: NetName=NetC5_1 Pin=C5-1
Added Pin To Net: NetName=GND Pin=C5-2
Added Pin To Net: NetName=NetC4_2 Pin=C7-1
Added Pin To Net: NetName=GND Pin=C7-2
Added Pin To Net: NetName=NetDA1_1 Pin=DA1-1
Added Pin To Net: NetName=GND Pin=DA1-2
Added Pin To Net: NetName=GND Pin=DA1-4
Added Pin To Net: NetName=GND Pin=DA1-4
Added Pin To Net: NetName=NetDA1_5 Pin=DA1-5
Added Pin To Net: NetName=NetC3_1 Pin=DA1-6
Added Pin To Net: NetName=NetDA1_1 Pin=DA1-7
Added Pin To Net: NetName=NetDA1_7 Pin=DA1-7
Added Pin To Net: NetName=NetDA1_1 Pin=DA1-8
Added Pin To Net: NetName=NetDA1_8 Pin=DA1-8
Added Pin To Net: NetName=NetDA1_7 Pin=L1-1
Added Pin To Net: NetName=NetC5_1 Pin=L1-2
Added Pin To Net: NetName=GND Pin=R1-1
Added Pin To Net: NetName=NetDA1_7 Pin=R1-2
Added Pin To Net: NetName=NetC3_1 Pin=R2-1
Added Pin To Net: NetName=NetDA1_7 Pin=R2-1
Added Pin To Net: NetName=NetDA1_1 Pin=R2-2
Added Pin To Net: NetName=NetDA1_8 Pin=R2-2
Added Pin To Net: NetName=GND Pin=R3-1
Added Pin To Net: NetName=GND Pin=R3-1
Added Pin To Net: NetName=NetDA1_5 Pin=R3-2
Added Pin To Net: NetName=NetHL1_1 Pin=R5-1
Added Pin To Net: NetName=NetHL3_1 Pin=R7-1
Added Pin To Net: NetName=NetC5_1 Pin=R7-2
Added Pin To Net: NetName=GND Pin=VD1-1
Added Pin To Net: NetName=NetC3_1 Pin=VD2-2
Added Pin To Net: NetName=GND Pin=VD3-1
Added Pin To Net: NetName=GND Pin=X1-2
Added Pin To Net: NetName=GND Pin=X1-2
Change Net Name : Old Net Name=NetC4_2 New Net Name=NetC6_1
Added Pin To Net: NetName=NetC1_1 Pin=C1-1
Added Pin To Net: NetName=NetC1_1 Pin=DA1-6
Added Pin To Net: NetName=NetC1_1 Pin=R1-1
Added Pin To Net: NetName=NetC1_1 Pin=X1-1
Added Net: Name=NetC1_1
Added Pin To Net: NetName=NetC2_2 Pin=C2-2
Added Pin To Net: NetName=NetC2_2 Pin=DA1-3
Added Net: Name=NetC2_2
Added Pin To Net: NetName=NetC4_2 Pin=C4-2
Added Pin To Net: NetName=NetC4_2 Pin=DA1-3
Added Net: Name=NetC4_2
Added Pin To Net: NetName=NetC8_1 Pin=C8-1
Added Net: Name=NetC8_1
Added Pin To Net: NetName=NetDA1_2 Pin=DA1-2
Added Pin To Net: NetName=NetDA1_2 Pin=L1-1
Added Pin To Net: NetName=NetDA1_2 Pin=VD3-2
Added Net: Name=NetDA1_2
Added Pin To Net: NetName=NetFP1_1 Pin=X1-1
Added Net: Name=NetFP1_1
Added Pin To Net: NetName=NetFU1_1 Pin=X2-1
Added Net: Name=NetFU1_1
Added Pin To Net: NetName=NetR1_2 Pin=R1-2
Added Pin To Net: NetName=NetR1_2 Pin=VD2-1
Added Net: Name=NetR1_2
Added Class: Name=Lab2_Scheme
Added Member To Class: ClassName=CP_Scheme Member=Component DA1 MC34063A
Added Member To Class: ClassName=CP_Scheme Member=Component VD2 Suppressor
Added Member To Class: ClassName=CP_Scheme Member=Component VD3 Schottky
Added Member To Class: ClassName=CP_Scheme Member=Component X1 Vin
Added Room: Name=Lab2_Scheme
