Removed Member From Class: ClassName=CP_Scheme Member=C1
Removed Member From Class: ClassName=CP_Scheme Member=C2
Removed Member From Class: ClassName=Lab2_Scheme Member=C7
Removed Member From Class: ClassName=Lab2_Scheme Member=C9
Removed Member From Class: ClassName=Lab2_Scheme Member=C11
Removed Member From Class: ClassName=Lab2_Scheme Member=DA3
Removed Member From Class: ClassName=Lab2_Scheme Member=FU2
Removed Member From Class: ClassName=Lab2_Scheme Member=L2
Removed Member From Class: ClassName=CP_Scheme Member=R5
Removed Member From Class: ClassName=Lab2_Scheme Member=R6
Removed Member From Class: ClassName=Lab2_Scheme Member=R10
Removed Member From Class: ClassName=Lab2_Scheme Member=R12
Removed Member From Class: ClassName=Lab2_Scheme Member=R13
Removed Member From Class: ClassName=Lab2_Scheme Member=VD3
Removed Member From Class: ClassName=CP_Scheme Member=X2
Removed Member From Class: ClassName=Lab2_Scheme Member=X3
Removed Member From Class: ClassName=Lab2_Scheme Member=X4
Added Component: Designator=FP1(F1812)
Add component. Clean all parameters for all variants
Add component (AddParameter): Name = "ID"; Value = "3"; VariantName = "[No Variations]"
Add component (AddParameter): Name = "Limit Voltage"; Value = "24V"; VariantName = "[No Variations]"
Add component (AddParameter): Name = "Part Number"; Value = "miniSMDC050F-2"; VariantName = "[No Variations]"
Add component (AddParameter): Name = "Published"; Value = "25.0.2017"; VariantName = "[No Variations]"
Add component (AddParameter): Name = "Publisher"; Value = ""; VariantName = "[No Variations]"
Add component (AddParameter): Name = "Rated Current"; Value = "1.3А"; VariantName = "[No Variations]"
Add component (AddParameter): Name = "Resistance"; Value = "1ohm"; VariantName = "[No Variations]"
Add component (AddParameter): Name = "Specification"; Value = ""; VariantName = "[No Variations]"
Add component (AddParameter): Name = "Type"; Value = "Предохранитель самовосстанавливающийся"; VariantName = "[No Variations]"
Add component (AddParameter): Name = "Value"; Value = "miniSMDC050F-2"; VariantName = "[No Variations]"
Added Pin To Net: NetName=NetFP1_1 Pin=FP1-1
Added Pin To Net: NetName=NetC6_1 Pin=FP1-2
Added Member To Class: ClassName=Lab2_Scheme Member=Component C1 Capacitor-E
Added Member To Class: ClassName=Lab2_Scheme Member=Component C2 Capacitor
Added Member To Class: ClassName=Lab2_Scheme Member=Component C3 Capacitor-E
Added Member To Class: ClassName=Lab2_Scheme Member=Component DA1 MC34063A
Added Member To Class: ClassName=CP_Scheme Member=Component FP1 Fuse_PTC
Added Member To Class: ClassName=Lab2_Scheme Member=Component L1 Coil
Added Member To Class: ClassName=Lab2_Scheme Member=Component R1 Resistor_1,0W
Added Member To Class: ClassName=Lab2_Scheme Member=Component R2 Resistor_0,25W
Added Member To Class: ClassName=Lab2_Scheme Member=Component R3 Resistor_0,25W
Added Member To Class: ClassName=Lab2_Scheme Member=Component R5 Resistor_10,0W
Added Member To Class: ClassName=Lab2_Scheme Member=Component VD1 Schottky
Added Member To Class: ClassName=Lab2_Scheme Member=Component X1 Vin
Added Member To Class: ClassName=Lab2_Scheme Member=Component X2 Vout
