Removed Pin From Net: NetName=NetHL3_1 Pin=R8-1
Removed Pin From Net: NetName=NetC6_1 Pin=R8-2
Removed Member From Class: ClassName=CP_Scheme Member=R8
Change component parameters: Designator = "L1"; Footprint = "МДГ-2"; UniqueID = "\VHYKBRSW"
Change component parameters. Clean all parameters for all variants
Change component parameters (AddParameter): Name = "Application Category"; Value = "5"; VariantName = "[No Variations]"
Change component parameters (AddParameter): Name = "DC Resistance"; Value = "1.2ohm"; VariantName = "[No Variations]"
Change component parameters (AddParameter): Name = "ID"; Value = "1"; VariantName = "[No Variations]"
Change component parameters (AddParameter): Name = "Manufacturer"; Value = "ОАО "МСТАТОР""; VariantName = "[No Variations]"
Change component parameters (AddParameter): Name = "Part Number"; Value = "КИВ18-100"; VariantName = "[No Variations]"
Change component parameters (AddParameter): Name = "Published"; Value = "20.05.2010"; VariantName = "[No Variations]"
Change component parameters (AddParameter): Name = "Publisher"; Value = "Andrew Danich"; VariantName = "[No Variations]"
Change component parameters (AddParameter): Name = "Q"; Value = "20"; VariantName = "[No Variations]"
Change component parameters (AddParameter): Name = "Rated Current"; Value = "185mA"; VariantName = "[No Variations]"
Change component parameters (AddParameter): Name = "Specification"; Value = "КВШУ.670114.001 ТУ"; VariantName = "[No Variations]"
Change component parameters (AddParameter): Name = "Tolerance"; Value = "±10%"; VariantName = "[No Variations]"
Change component parameters (AddParameter): Name = "Type"; Value = "Дроссель"; VariantName = "[No Variations]"
Change component parameters (AddParameter): Name = "Value"; Value = "40мк"; VariantName = "[No Variations]"
Change component parameters (AddParameter): Name = "Working Temperature Max"; Value = "+85°С"; VariantName = "[No Variations]"
Change component parameters (AddParameter): Name = "Working Temperature Min"; Value = "-60°С"; VariantName = "[No Variations]"
Change component parameters: Designator = "R2"; Footprint = "R0805"; UniqueID = "\LWTTCKIJ"
Change component parameters. Clean all parameters for all variants
Change component parameters (AddParameter): Name = "Type"; Value = "Резистор"; VariantName = "[No Variations]"
Change component parameters (AddParameter): Name = "Value"; Value = "0.15"; VariantName = "[No Variations]"
Change component parameters: Designator = "C6"; Footprint = "C1206"; UniqueID = "\QMRUUQEY"
Change component parameters. Clean all parameters for all variants
Change component parameters (AddParameter): Name = "Published"; Value = "20.08.2010"; VariantName = "[No Variations]"
Change component parameters (AddParameter): Name = "Publisher"; Value = "Олег Литвинов"; VariantName = "[No Variations]"
Change component parameters (AddParameter): Name = "Type"; Value = "Конденсатор"; VariantName = "[No Variations]"
Change component parameters (AddParameter): Name = "Ёмкость"; Value = "10"; VariantName = "[No Variations]"
Change component parameters (AddParameter): Name = "Напряжение"; Value = "50В"; VariantName = "[No Variations]"
Change component parameters: Designator = "VD2"; Footprint = "DO-214AA"; UniqueID = "\BZT52-С12S"
Change component parameters. Clean all parameters for all variants
Change component parameters (AddParameter): Name = "Type"; Value = "Супрессор"; VariantName = "[No Variations]"
Change component parameters (AddParameter): Name = "Напряжение"; Value = "12В"; VariantName = "[No Variations]"
Change component parameters: Designator = "HL3"; Footprint = "LD0805"; UniqueID = "\UWROUVHY"
Change component parameters. Clean all parameters for all variants
Change component parameters (AddParameter): Name = "Published"; Value = "03.12.2013"; VariantName = "[No Variations]"
Change component parameters (AddParameter): Name = "Publisher"; Value = "Andrew Danich"; VariantName = "[No Variations]"
Change component parameters (AddParameter): Name = "Type"; Value = "Индикатор единичный"; VariantName = "[No Variations]"
Change component parameters (AddParameter): Name = "Произв. номер"; Value = "SMLE13EC8TT86"; VariantName = "[No Variations]"
Change component parameters (AddParameter): Name = "Прямое напряжение"; Value = "3.3В"; VariantName = "[No Variations]"
Change component parameters (AddParameter): Name = "Прямой ток"; Value = "3мА"; VariantName = "[No Variations]"
Change component parameters (AddParameter): Name = "Цвет"; Value = "Синий"; VariantName = "[No Variations]"
Added Component: Designator=R?(R0805)
Add component. Clean all parameters for all variants
Add component (AddParameter): Name = "Type"; Value = "Резистор"; VariantName = "[No Variations]"
Add component (AddParameter): Name = "Сопротивление"; Value = "470"; VariantName = "[No Variations]"
Added Pin To Net: NetName=NetHL3_1 Pin=R?-1
Added Pin To Net: NetName=NetC6_1 Pin=R?-2
Added Member To Class: ClassName=CP_Scheme Member=Component R? Resistor_0,05W
Added Member To Class: ClassName=CP_Scheme Member=Component VD5 Diode
Added Room: Name=CP_Scheme
