Removed Pin From Net: NetName=NetC8_1 Pin=X3-1
Removed Pin From Net: NetName=NetC3_1 Pin=X3-5
Change Component Designator: OldDesignator=C4 NewDesignator=C5
Change Component Designator: OldDesignator=C5 NewDesignator=C6
Change Component Designator: OldDesignator=C6 NewDesignator=C4
Change Component Designator: OldDesignator=R4 NewDesignator=R5
Change Component Designator: OldDesignator=R5 NewDesignator=R4
Change Component Designator: OldDesignator=R7 NewDesignator=R8
Change Component Designator: OldDesignator=R8 NewDesignator=R7
Change Component Designator: OldDesignator=X1 NewDesignator=X2
Change Component Designator: OldDesignator=X2 NewDesignator=X1
Added Component: Designator=VD4(SOD-123)
Add component. Clean all parameters for all variants
Add component (AddParameter): Name = "Type"; Value = "Диод"; VariantName = "[No Variations]"
Added Component: Designator=VD5(SOD-123)
Add component. Clean all parameters for all variants
Add component (AddParameter): Name = "Type"; Value = "Диод"; VariantName = "[No Variations]"
Added Pin To Net: NetName=NetC8_1 Pin=VD4-1
Added Pin To Net: NetName=NetC3_1 Pin=VD5-1
Change Net Name : Old Net Name=NetC4_2 New Net Name=NetC5_2
Change Net Name : Old Net Name=NetC5_1 New Net Name=NetC6_1
Change Net Name : Old Net Name=NetC6_1 New Net Name=NetC4_1
Added Pin To Net: NetName=NetVD4_2 Pin=VD4-2
Added Pin To Net: NetName=NetVD4_2 Pin=X3-1
Added Net: Name=NetVD4_2
Added Pin To Net: NetName=NetVD5_2 Pin=VD5-2
Added Pin To Net: NetName=NetVD5_2 Pin=X3-5
Added Net: Name=NetVD5_2
Added Member To Class: ClassName=CP_Scheme Member=Component VD4 Diode
Added Member To Class: ClassName=CP_Scheme Member=Component VD5 Diode
Added Room: Name=CP_Scheme
