Change Component Designator: Old Designator=C1 New Designator=C4
Change Component Designator: Old Designator=C2 New Designator=C5
Change Component Designator: Old Designator=C3 New Designator=C6
Change Component Designator: Old Designator=C4 New Designator=C7
Change Component Designator: Old Designator=C5 New Designator=C8
Change Component Designator: Old Designator=C6 New Designator=C9
Change Component Designator: Old Designator=C7 New Designator=C10
Change Component Designator: Old Designator=C8 New Designator=C11
Change Component Designator: Old Designator=DA1 New Designator=DA2
Change Component Designator: Old Designator=DA2 New Designator=DA3
Change Component Designator: Old Designator=FU1 New Designator=FU2
Change Component Designator: Old Designator=HL1 New Designator=HL2
Change Component Designator: Old Designator=HL2 New Designator=HL3
Change Component Designator: Old Designator=HL3 New Designator=HL4
Change Component Designator: Old Designator=L1 New Designator=L2
Change Component Designator: Old Designator=R1 New Designator=R6
Change Component Designator: Old Designator=R2 New Designator=R7
Change Component Designator: Old Designator=R3 New Designator=R8
Change Component Designator: Old Designator=R4 New Designator=R9
Change Component Designator: Old Designator=R5 New Designator=R10
Change Component Designator: Old Designator=R6 New Designator=R11
Change Component Designator: Old Designator=R7 New Designator=R12
Change Component Designator: Old Designator=R8 New Designator=R13
Change Component Designator: Old Designator=VD1 New Designator=VD2
Change Component Designator: Old Designator=VD2 New Designator=VD3
Change Component Designator: Old Designator=VD3 New Designator=VD4
Change Component Designator: Old Designator=X1 New Designator=X3
Change Component Designator: Old Designator=X2 New Designator=X4
Change Component Designator: Old Designator=X3 New Designator=X5
