PCAD Importer Log
Project : REF3033AIDBZT.LibPkg

Section : C:\Users\Oleg\Documents\SourceTree\Altium\Altium_CP\Altium_CP\REF3033AIDBZT.lia
    Section : PCB Library - REF3033AIDBZT.PcbLib
        Section : Load Messages
            Warning - 1 : Skipping Token REF3033AIDBZT On Line 163
            Warning - 1 : Skipping Token attachedSymbol On Line 220
        EndSection

        Section : Import Messages
        EndSection
    EndSection

    Section : SCH Library - REF3033AIDBZT.SchLib
        Section : Parsing Messages
            Warning - 1 : Skipping Token padStyleDef On Line 9
            Warning - 1 : Skipping Token padStyleDef On Line 21
            Warning - 1 : Skipping Token multiLayer On Line 96
            Warning - 1 : Skipping Token layerContents On Line 101
            Warning - 1 : Skipping Token layerContents On Line 109
            Warning - 1 : Skipping Token layerContents On Line 135
        EndSection

        Section : Generating SCH Library - REF3033AIDBZT.SchLib
        EndSection
    EndSection
EndSection
