Added Component: Designator=C1(C0805)
Add component. Clean all parameters for all variants
Add component (AddParameter): Name = "Type"; Value = "Конденсатор"; VariantName = "[No Variations]"
Add component (AddParameter): Name = "Value"; Value = "14"; VariantName = "[No Variations]"
Add component (AddParameter): Name = "Voltage"; Value = "50В"; VariantName = "[No Variations]"
Added Component: Designator=C2(C0805)
Add component. Clean all parameters for all variants
Add component (AddParameter): Name = "Type"; Value = "Конденсатор"; VariantName = "[No Variations]"
Add component (AddParameter): Name = "Value"; Value = "14"; VariantName = "[No Variations]"
Add component (AddParameter): Name = "Voltage"; Value = "50В"; VariantName = "[No Variations]"
Added Component: Designator=C3(C0805)
Add component. Clean all parameters for all variants
Add component (AddParameter): Name = "Type"; Value = "Конденсатор"; VariantName = "[No Variations]"
Add component (AddParameter): Name = "Value"; Value = "100"; VariantName = "[No Variations]"
Add component (AddParameter): Name = "Voltage"; Value = "50В"; VariantName = "[No Variations]"
Added Component: Designator=C4(C0805)
Add component. Clean all parameters for all variants
Add component (AddParameter): Name = "Type"; Value = "Конденсатор"; VariantName = "[No Variations]"
Add component (AddParameter): Name = "Value"; Value = "470н"; VariantName = "[No Variations]"
Add component (AddParameter): Name = "Voltage"; Value = "50В"; VariantName = "[No Variations]"
Added Component: Designator=C5(C0805)
Add component. Clean all parameters for all variants
Add component (AddParameter): Name = "Type"; Value = "Конденсатор"; VariantName = "[No Variations]"
Add component (AddParameter): Name = "Value"; Value = "33мк"; VariantName = "[No Variations]"
Add component (AddParameter): Name = "Voltage"; Value = "50В"; VariantName = "[No Variations]"
Added Component: Designator=DA?(PCBComponent_1)
Add component. Clean all parameters for all variants
Added Pin To Net: NetName=GND Pin=C1-1
Added Pin To Net: NetName=GND Pin=C2-1
Added Pin To Net: NetName=GND Pin=C3-2
Added Pin To Net: NetName=GND Pin=C4-1
Added Pin To Net: NetName=GND Pin=C5-2
Added Net: Name=GND
Added Pin To Net: NetName=NetC1_2 Pin=C1-2
Added Net: Name=NetC1_2
Added Pin To Net: NetName=NetC2_2 Pin=C2-2
Added Net: Name=NetC2_2
Added Pin To Net: NetName=NetC3_1 Pin=C3-1
Added Pin To Net: NetName=NetC3_1 Pin=C4-2
Added Net: Name=NetC3_1
Added Pin To Net: NetName=NetC5_1 Pin=C5-1
Added Net: Name=NetC5_1
Added Net: Name=NetDD1_4
Added Net: Name=NetDD1_5
Added Net: Name=NetDD1_6
Added Net: Name=NetDD1_10
Added Net: Name=NetDD1_12
Added Net: Name=NetDD1_18
Added Net: Name=NetDD1_19
Added Net: Name=NetFU1_2
Added Net: Name=NetHL1_1
Added Net: Name=NetHL2_1
Added Member To Class: ClassName=Lab2_Scheme Member=Component C1 Capacitor
Added Member To Class: ClassName=Lab2_Scheme Member=Component C2 Capacitor
Added Member To Class: ClassName=Lab2_Scheme Member=Component C3 Capacitor
Added Member To Class: ClassName=Lab2_Scheme Member=Component C4 Capacitor
Added Member To Class: ClassName=Lab2_Scheme Member=Component C5 Capacitor
Added Member To Class: ClassName=Lab2_Scheme Member=Component DA? MC34063A
Added Room: Name=Lab2_Scheme
