Added Component: Designator=X?(WF-2)
Add component. Clean all parameters for all variants
Add component (AddParameter): Name = "Create"; Value = "DeathSpeaker"; VariantName = "[No Variations]"
Add component (AddParameter): Name = "GND"; Value = "GND"; VariantName = "[No Variations]"
Add component (AddParameter): Name = "In"; Value = "D+"; VariantName = "[No Variations]"
Add component (AddParameter): Name = "Out"; Value = "D-"; VariantName = "[No Variations]"
Add component (AddParameter): Name = "U"; Value = "+(5-9)Â"; VariantName = "[No Variations]"
Added Component: Designator=X?(CWF-2)
Add component. Clean all parameters for all variants
Add component (AddParameter): Name = "Create"; Value = "DeathSpeaker"; VariantName = "[No Variations]"
Add component (AddParameter): Name = "GND"; Value = "GND"; VariantName = "[No Variations]"
Add component (AddParameter): Name = "U"; Value = "+12Â"; VariantName = "[No Variations]"
Added Pin To Net: NetName=5-9 Â Pin=X?-1
Added Pin To Net: NetName=GND Pin=X?-2
Added Pin To Net: NetName=GND Pin=X?-2
Change Net Name : Old Net Name=5-9 Â New Net Name=NetC1_1
Added Pin To Net: NetName=NetFU1_1 Pin=FU1-1
Added Pin To Net: NetName=NetFU1_1 Pin=X?-1
Added Net: Name=NetFU1_1
Added Member To Class: ClassName=Lab2_Scheme Member=Component R1 Resistor_20,0W
Added Member To Class: ClassName=Lab2_Scheme Member=Component R2 Resistor_0,25W
Added Member To Class: ClassName=Lab2_Scheme Member=Component X? Vin
Added Member To Class: ClassName=Lab2_Scheme Member=Component X? Vout
Added Room: Name=Lab2_Scheme
